18:14:08.594 | V |                      | ArgumentsFromParametersFile.OnBuildCreated (150)
18:14:08.627 | V |                      | Passing value for Build.Solution (WpfToolkit.sln)
18:14:08.634 | V |                      | InjectParameterValues.OnBuildCreated (100)
18:14:08.665 | V |                      | HandleShellCompletion.OnBuildCreated (75)
18:14:08.749 | V |                      | GenerateBuildServerConfigurations.OnBuildCreated (50)
18:14:08.749 | V |                      | InvokeBuildServerConfigurationGeneration.OnBuildCreated (45)
18:14:08.759 | V |                      | UpdateNotification.OnBuildCreated (10)
18:14:08.759 | V |                      | UnsetVisualStudioEnvironmentVariables.OnBuildCreated (0)
18:14:08.759 | V |                      | HandleVisualStudioDebugging.OnBuildCreated (0)
18:14:08.760 | V |                      | HandleSingleFileExecution.OnBuildCreated (-50)
18:14:08.760 | V |                      | EventInvoker.OnBuildCreated (-3.4028235E+38)
18:14:08.770 | V |                      | HandleHelpRequests.OnBuildInitialized (5)
18:14:08.770 | V |                      | Telemetry.OnBuildInitialized (0)
18:14:09.258 | V |                      | Sending BuildStarted telemetry event ...
18:14:09.261 | V |                      |   build_components         = 
18:14:09.261 | V |                      |   build_type               = Project
18:14:09.261 | V |                      |   compile_time             = 4
18:14:09.261 | V |                      |   config_generators        = 
18:14:09.261 | V |                      |   host                     = Rider
18:14:09.261 | V |                      |   num_custom_components    = 0
18:14:09.261 | V |                      |   num_custom_extensions    = 0
18:14:09.261 | V |                      |   num_partitioned_targets  = 0
18:14:09.261 | V |                      |   num_secrets              = 2
18:14:09.261 | V |                      |   num_targets              = 6
18:14:09.261 | V |                      |   os_architecture          = X64
18:14:09.261 | V |                      |   os_platform              = Linux
18:14:09.261 | V |                      |   repo_branch              = main
18:14:09.261 | V |                      |   repo_commit              = af466f
18:14:09.261 | V |                      |   repo_provider            = GitHub
18:14:09.261 | V |                      |   repo_url                 = 9c2b64
18:14:09.261 | V |                      |   target_framework         = .NETCoreApp,Version=v6.0
18:14:09.261 | V |                      |   version_dotnet_sdk       = 7.0.102
18:14:09.261 | V |                      |   version_nuke_common      = 6.3.0
18:14:09.261 | V |                      |   version_nuke_global_tool = 6.3.0
18:14:09.688 | V |                      | InjectNonParameterValues.OnBuildInitialized (-100)
18:14:09.768 | I |                      | > /home/coolicky/.dotnet/dotnet /home/coolicky/.nuget/packages/gitversion.tool/5.12.0/tools/net5.0/any/gitversion.dll /nocache
18:14:10.127 | V |                      | EventInvoker.OnBuildInitialized (-3.4028235E+38)
18:14:10.133 | V | Clean                | EventInvoker.OnTargetRunning (-3.4028235E+38)
18:14:10.133 | I | Clean                | Cleaning directory /home/coolicky/RiderProjects/RevitToolkit/output...
18:14:10.133 | V | Clean                | Deleting file /home/coolicky/RiderProjects/RevitToolkit/output/Coolicky.Toolkit.Wpf.0.0.2.nupkg...
18:14:10.133 | V | Clean                | Deleting file /home/coolicky/RiderProjects/RevitToolkit/output/Coolicky.Toolkit.Wpf.0.0.2.snupkg...
18:14:10.133 | V | Clean                | Deleting file /home/coolicky/RiderProjects/RevitToolkit/output/Coolicky.Toolkit.Wpf.0.1.0.nupkg...
18:14:10.134 | V | Clean                | Telemetry.OnTargetSucceeded (0)
18:14:10.134 | V | Clean                | EventInvoker.OnTargetSucceeded (-3.4028235E+38)
18:14:10.134 | V | Restore              | EventInvoker.OnTargetRunning (-3.4028235E+38)
18:14:10.135 | I | Restore              | > /home/coolicky/.dotnet/dotnet restore
18:14:10.525 | D | Restore              |   Determining projects to restore...
18:14:11.032 | D | Restore              |   Restored /home/coolicky/RiderProjects/RevitToolkit/Coolicky.Toolkit.Wpf/Coolicky.Toolkit.Wpf.csproj (in 121 ms).
18:14:11.052 | V | Restore              | Telemetry.OnTargetSucceeded (0)
18:14:11.193 | V | Restore              | Sending TargetSucceeded telemetry event ...
18:14:11.193 | V | Restore              |   build_components         = 
18:14:11.193 | V | Restore              |   build_type               = Project
18:14:11.193 | V | Restore              |   compile_time             = 6
18:14:11.193 | V | Restore              |   config_generators        = 
18:14:11.193 | V | Restore              |   host                     = Rider
18:14:11.193 | V | Restore              |   num_custom_components    = 0
18:14:11.193 | V | Restore              |   num_custom_extensions    = 0
18:14:11.193 | V | Restore              |   num_partitioned_targets  = 0
18:14:11.193 | V | Restore              |   num_secrets              = 2
18:14:11.193 | V | Restore              |   num_targets              = 6
18:14:11.193 | V | Restore              |   os_architecture          = X64
18:14:11.193 | V | Restore              |   os_platform              = Linux
18:14:11.193 | V | Restore              |   repo_branch              = main
18:14:11.193 | V | Restore              |   repo_commit              = af466f
18:14:11.193 | V | Restore              |   repo_provider            = GitHub
18:14:11.193 | V | Restore              |   repo_url                 = 9c2b64
18:14:11.194 | V | Restore              |   target_current_partition = 1
18:14:11.194 | V | Restore              |   target_duration          = 1
18:14:11.194 | V | Restore              |   target_framework         = .NETCoreApp,Version=v6.0
18:14:11.194 | V | Restore              |   target_name              = Restore
18:14:11.194 | V | Restore              |   target_total_partitions  = 1
18:14:11.194 | V | Restore              |   version_dotnet_sdk       = 7.0.102
18:14:11.194 | V | Restore              |   version_nuke_common      = 6.3.0
18:14:11.194 | V | Restore              |   version_nuke_global_tool = 6.3.0
18:14:11.243 | V | Restore              | EventInvoker.OnTargetSucceeded (-3.4028235E+38)
18:14:11.243 | V | Compile              | EventInvoker.OnTargetRunning (-3.4028235E+38)
18:14:11.249 | I | Compile              | > /home/coolicky/.dotnet/dotnet build --configuration Debug --verbosity Minimal /property:AssemblyVersion=0.1.0.0 /property:FileVersion=0.1.0.0 /property:InformationalVersion=0.1.0+8.Branch.main.Sha.21a0405e05758ef52239ac9f3a55bf0d3aac72fe
18:14:11.400 | D | Compile              | MSBuild version 17.4.1+9a89d02ff for .NET
18:14:11.613 | D | Compile              |   Determining projects to restore...
18:14:12.041 | D | Compile              |   All projects are up-to-date for restore.
18:14:13.179 | D | Compile              |   Coolicky.Toolkit.Wpf -> /home/coolicky/RiderProjects/RevitToolkit/Coolicky.Toolkit.Wpf/bin/x64/Debug/net47/Coolicky.Toolkit.Wpf.dll
18:14:13.180 | D | Compile              |   Coolicky.Toolkit.Wpf -> /home/coolicky/RiderProjects/RevitToolkit/Coolicky.Toolkit.Wpf/bin/x64/Debug/net48/Coolicky.Toolkit.Wpf.dll
18:14:13.191 | D | Compile              | 
18:14:13.191 | D | Compile              | Build succeeded.
18:14:13.191 | D | Compile              |     0 Warning(s)
18:14:13.191 | D | Compile              |     0 Error(s)
18:14:13.191 | D | Compile              | 
18:14:13.191 | D | Compile              | Time Elapsed 00:00:01.75
18:14:13.217 | V | Compile              | Telemetry.OnTargetSucceeded (0)
18:14:13.339 | V | Compile              | Sending TargetSucceeded telemetry event ...
18:14:13.339 | V | Compile              |   build_components         = 
18:14:13.339 | V | Compile              |   build_type               = Project
18:14:13.339 | V | Compile              |   compile_time             = 8
18:14:13.339 | V | Compile              |   config_generators        = 
18:14:13.339 | V | Compile              |   host                     = Rider
18:14:13.339 | V | Compile              |   num_custom_components    = 0
18:14:13.339 | V | Compile              |   num_custom_extensions    = 0
18:14:13.339 | V | Compile              |   num_partitioned_targets  = 0
18:14:13.339 | V | Compile              |   num_secrets              = 2
18:14:13.339 | V | Compile              |   num_targets              = 6
18:14:13.339 | V | Compile              |   os_architecture          = X64
18:14:13.339 | V | Compile              |   os_platform              = Linux
18:14:13.339 | V | Compile              |   repo_branch              = main
18:14:13.339 | V | Compile              |   repo_commit              = af466f
18:14:13.339 | V | Compile              |   repo_provider            = GitHub
18:14:13.339 | V | Compile              |   repo_url                 = 9c2b64
18:14:13.339 | V | Compile              |   target_current_partition = 1
18:14:13.339 | V | Compile              |   target_duration          = 2
18:14:13.339 | V | Compile              |   target_framework         = .NETCoreApp,Version=v6.0
18:14:13.339 | V | Compile              |   target_name              = Compile
18:14:13.339 | V | Compile              |   target_total_partitions  = 1
18:14:13.339 | V | Compile              |   version_dotnet_sdk       = 7.0.102
18:14:13.339 | V | Compile              |   version_nuke_common      = 6.3.0
18:14:13.339 | V | Compile              |   version_nuke_global_tool = 6.3.0
18:14:13.398 | V | Compile              | EventInvoker.OnTargetSucceeded (-3.4028235E+38)
18:14:13.399 | V | Pack                 | EventInvoker.OnTargetRunning (-3.4028235E+38)
18:14:13.411 | I | Pack                 | > /home/coolicky/.dotnet/dotnet pack --configuration Debug --output /home/coolicky/RiderProjects/RevitToolkit/output --verbosity Minimal /property:Version=0.1.0 /property:PackageIconUrl=.nuget/PackageIcon.png /property:PackageLicenseUrl=License.md /property:Authors=Coolicky /property:Description="Set of Wpf utilities mostly for Revit and Navisworks development" /property:PackageTags="revit navisworks wpf toolkit" /property:RepositoryType=git /property:RepositoryUrl=https://github.com/Coolicky/WpfToolkit.git
18:14:13.555 | D | Pack                 | MSBuild version 17.4.1+9a89d02ff for .NET
18:14:13.770 | D | Pack                 |   Determining projects to restore...
18:14:14.295 | D | Pack                 |   Restored /home/coolicky/RiderProjects/RevitToolkit/Coolicky.Toolkit.Wpf/Coolicky.Toolkit.Wpf.csproj (in 128 ms).
18:14:14.609 | D | Pack                 |   Coolicky.Toolkit.Wpf -> /home/coolicky/RiderProjects/RevitToolkit/Coolicky.Toolkit.Wpf/bin/x64/Debug/net48/Coolicky.Toolkit.Wpf.dll
18:14:14.799 | D | Pack                 |   Coolicky.Toolkit.Wpf -> /home/coolicky/RiderProjects/RevitToolkit/Coolicky.Toolkit.Wpf/bin/x64/Debug/net47/Coolicky.Toolkit.Wpf.dll
18:14:15.017 | D | Pack                 |   Successfully created package '/home/coolicky/RiderProjects/RevitToolkit/output/Coolicky.Toolkit.Wpf.0.1.0.nupkg'.
18:14:15.057 | V | Pack                 | Telemetry.OnTargetSucceeded (0)
18:14:15.057 | V | Pack                 | EventInvoker.OnTargetSucceeded (-3.4028235E+38)
18:14:15.064 | V |                      | UpdateNotification.OnBuildFinished (10)
18:14:15.064 | V |                      | SerializeBuildServerState.OnBuildFinished (0)
18:14:15.064 | V |                      | EventInvoker.OnBuildFinished (-3.4028235E+38)
